<?xml version="1.0" encoding="UTF-8"?>
<!-- Generated by org.testng.reporters.JUnitReportReporter -->
<testsuite hostname="PC-Aadish" failures="0" tests="1" name="mavenpackage.PaytmFlightReservation" time="7.586" errors="0" timestamp="2023-10-05T15:13:34 IST" skipped="0">
  <testcase classname="mavenpackage.PaytmFlightReservation" name="selectOptions" time="7.586"/>
  <system-out/>
</testsuite> <!-- mavenpackage.PaytmFlightReservation -->
