<?xml version="1.0" encoding="UTF-8"?>
<!-- Generated by org.testng.reporters.JUnitReportReporter -->
<testsuite hostname="PC-Aadish" failures="0" tests="1" name="MyPackage.ReadExcelData" time="1.117" errors="0" timestamp="2023-11-28T18:03:40 IST" skipped="0">
  <testcase classname="MyPackage.ReadExcelData" name="readData" time="1.117"/>
  <system-out/>
</testsuite> <!-- MyPackage.ReadExcelData -->
