<?xml version="1.0" encoding="UTF-8"?>
<!-- Generated by org.testng.reporters.JUnitReportReporter -->
<testsuite hostname="PC-Aadish" failures="0" tests="1" name="OrangeHrm" time="10.246" errors="0" timestamp="2023-11-17T15:19:33 IST" skipped="0">
  <testcase classname="OrangeHrm" name="validLoginCredentials" time="10.246"/>
  <system-out/>
</testsuite> <!-- OrangeHrm -->
