<?xml version="1.0" encoding="UTF-8"?>
<!-- Generated by org.testng.reporters.JUnitReportReporter -->
<testsuite hostname="PC-Aadish" failures="0" tests="1" name="FailedTetscase.Testcase2" time="0.002" errors="0" timestamp="2023-11-20T11:58:06 IST" skipped="0">
  <testcase classname="FailedTetscase.Testcase2" name="testtwitter" time="0.002"/>
  <system-out/>
</testsuite> <!-- FailedTetscase.Testcase2 -->
