<?xml version="1.0" encoding="UTF-8"?>
<!-- Generated by org.testng.reporters.JUnitReportReporter -->
<testsuite hostname="PC-Aadish" failures="0" tests="1" name="MyPackage.ReadExcel" time="1.284" errors="0" timestamp="2023-11-28T17:39:37 IST" skipped="0">
  <testcase classname="MyPackage.ReadExcel" name="readExcelData" time="1.284"/>
  <system-out/>
</testsuite> <!-- MyPackage.ReadExcel -->
