<?xml version="1.0" encoding="UTF-8"?>
<!-- Generated by org.testng.reporters.JUnitReportReporter -->
<testsuite hostname="PC-Aadish" failures="0" tests="1" name="MyPackage.HeadlessBrowser" time="4.934" errors="0" timestamp="2023-11-17T12:50:44 IST" skipped="0">
  <testcase classname="MyPackage.HeadlessBrowser" name="verifyTitle" time="4.934"/>
  <system-out/>
</testsuite> <!-- MyPackage.HeadlessBrowser -->
