<?xml version="1.0" encoding="UTF-8"?>
<!-- Generated by org.testng.reporters.JUnitReportReporter -->
<testsuite hostname="PC-Aadish" failures="0" tests="1" name="FailedTetscase.Testcase1" time="0.012" errors="0" timestamp="2023-11-20T11:58:06 IST" skipped="0">
  <testcase classname="FailedTetscase.Testcase1" name="testfb" time="0.012"/>
  <system-out/>
</testsuite> <!-- FailedTetscase.Testcase1 -->
