<?xml version="1.0" encoding="UTF-8"?>
<!-- Generated by org.testng.reporters.JUnitReportReporter -->
<testsuite hostname="PC-Aadish" failures="0" tests="1" name="MyPackage.blockPopUp" time="11.741" errors="0" timestamp="2023-11-06T11:28:36 IST" skipped="0">
  <testcase classname="MyPackage.blockPopUp" name="popup" time="11.741"/>
  <system-out/>
</testsuite> <!-- MyPackage.blockPopUp -->
